<?xml version="1.0" encoding="UTF-8"?>
<!-- Generated by org.testng.reporters.JUnitReportReporter -->
<testsuite hostname="USBLRPRADEEPG21" failures="0" tests="2" name="seleniummaventest.pageobjects.ErrorValidations" time="23.688" errors="0" timestamp="2024-03-12T12:32:50 IST" skipped="0">
  <testcase classname="seleniummaventest.pageobjects.ErrorValidations" name="POClientErrorValidation" time="10.701"/>
  <system-out/>
  <testcase classname="seleniummaventest.pageobjects.ErrorValidations" name="POClienttest" time="12.987"/>
  <system-out/>
</testsuite> <!-- seleniummaventest.pageobjects.ErrorValidations -->
