<?xml version="1.0" encoding="UTF-8"?>
<!-- Generated by org.testng.reporters.JUnitReportReporter -->
<testsuite hostname="USBLRPRADEEPG21" failures="0" tests="1" name="cucumber.TestNGtestRunner" time="20.649" errors="0" timestamp="2024-03-15T11:15:09 IST" skipped="0">
  <testcase classname="cucumber.TestNGtestRunner" name="runScenario" time="20.649"/>
  <system-out/>
</testsuite> <!-- cucumber.TestNGtestRunner -->
