<?xml version="1.0" encoding="UTF-8"?>
<!-- Generated by org.testng.reporters.JUnitReportReporter -->
<testsuite hostname="USBLRPRADEEPG21" failures="0" tests="1" name="SeleniumReports.ExtentReports.ExtentReportsDemo1" time="10.955" errors="0" timestamp="2024-03-12T09:20:25 IST" skipped="0">
  <testcase classname="SeleniumReports.ExtentReports.ExtentReportsDemo1" name="initialDemo" time="10.955"/>
  <system-out/>
</testsuite> <!-- SeleniumReports.ExtentReports.ExtentReportsDemo1 -->
