<?xml version="1.0" encoding="UTF-8"?>
<!-- Generated by org.testng.reporters.JUnitReportReporter -->
<testsuite hostname="USBLRPRADEEPG21" failures="0" tests="3" name="seleniummaventest.pageobjects.POClientTest" time="59.312" errors="0" timestamp="2024-03-15T11:04:06 IST" skipped="0">
  <testcase classname="seleniummaventest.pageobjects.POClientTest" name="POClienttest" time="20.226"/>
  <system-out/>
  <testcase classname="seleniummaventest.pageobjects.POClientTest" name="POClienttest" time="21.183"/>
  <system-out/>
  <testcase classname="seleniummaventest.pageobjects.POClientTest" name="OrderHistoryTest" time="17.903"/>
  <system-out/>
</testsuite> <!-- seleniummaventest.pageobjects.POClientTest -->
